

SYSTEM_START	-	giri-ThinkPad-P15-Gen-2i	giri-ThinkPad-P15-Gen-2i	2023-06-27 13:41:15


SYSTEM_INFO	Car_Generic <insert.your.version.no> #2	giri@giri-thinkpad-p15-gen-2i 2023-06-27 13:23:13	(10.2.2 fh@hpc.ipg 2022-04-26 11:38:30)
SIM	1687887675	giri-ThinkPad-P15-Gen-2i	unknown	../Data/TestRun/BackAndForth	1	0	0


SYSTEM_START	-	giri-ThinkPad-P15-Gen-2i	giri-ThinkPad-P15-Gen-2i	2023-06-27 13:42:07


SYSTEM_INFO	Car_Generic <insert.your.version.no> #2	giri@giri-thinkpad-p15-gen-2i 2023-06-27 13:23:13	(10.2.2 fh@hpc.ipg 2022-04-26 11:38:30)
SIM	1687887727	giri-ThinkPad-P15-Gen-2i	unknown	../Data/TestRun/ACC_Approach	1	0	0


SYSTEM_START	-	giri-ThinkPad-P15-Gen-2i	giri-ThinkPad-P15-Gen-2i	2023-06-27 13:42:56


SYSTEM_INFO	Car_Generic <insert.your.version.no> #2	giri@giri-thinkpad-p15-gen-2i 2023-06-27 13:23:13	(10.2.2 fh@hpc.ipg 2022-04-26 11:38:30)
SIM	1687887777	giri-ThinkPad-P15-Gen-2i	unknown	/home/giri/Desktop/FF_DEMO_PIPELINE/Data/TestRun/BackAndForth	0	61.267	485.333


SYSTEM_START	-	giri-ThinkPad-P15-Gen-2i	giri-ThinkPad-P15-Gen-2i	2023-06-27 13:45:37


SYSTEM_INFO	CarMaker 10.2.2 - Car_Generic #826	fh@hpc.ipg 2022-04-26 11:38:33	(10.2.2 fh@hpc.ipg 2022-04-26 11:38:30)
SIM	1687887937	giri-ThinkPad-P15-Gen-2i			0	0	0


SYSTEM_START	-	giri-ThinkPad-P15-Gen-2i	giri-ThinkPad-P15-Gen-2i	2023-06-27 13:47:45


SYSTEM_INFO	Car_Generic <insert.your.version.no> #5	giri@giri-thinkpad-p15-gen-2i 2023-06-27 13:47:37	(10.2.2 fh@hpc.ipg 2022-04-26 11:38:30)
SIM	1687888065	giri-ThinkPad-P15-Gen-2i	unknown	/home/giri/Desktop/Project_Folder/FF_Project/Data/TestRun/ACC_Approach	0	50.213	1535.93


SYSTEM_START	-	giri-ThinkPad-P15-Gen-2i	giri-ThinkPad-P15-Gen-2i	2023-06-27 13:47:47


SYSTEM_INFO	Car_Generic <insert.your.version.no> #5	giri@giri-thinkpad-p15-gen-2i 2023-06-27 13:47:37	(10.2.2 fh@hpc.ipg 2022-04-26 11:38:30)
SIM	1687888067	giri-ThinkPad-P15-Gen-2i	unknown	/home/giri/Desktop/Project_Folder/FF_Project/Data/TestRun/BackAndForth	0	61.267	485.333


SYSTEM_START	-	giri-ThinkPad-P15-Gen-2i	giri-ThinkPad-P15-Gen-2i	2023-06-27 14:04:25


SYSTEM_INFO	Car_Generic <insert.your.version.no> #5	giri@giri-thinkpad-p15-gen-2i 2023-06-27 13:47:37	(10.2.2 fh@hpc.ipg 2022-04-26 11:38:30)
SIM	1687889065	giri-ThinkPad-P15-Gen-2i	unknown	/home/giri/Desktop/Project_Folder/FF_Project/Data/TestRun/ACC_Approach	0	50.213	1535.93


SYSTEM_START	-	giri-ThinkPad-P15-Gen-2i	giri-ThinkPad-P15-Gen-2i	2023-06-27 14:04:27


SYSTEM_INFO	Car_Generic <insert.your.version.no> #5	giri@giri-thinkpad-p15-gen-2i 2023-06-27 13:47:37	(10.2.2 fh@hpc.ipg 2022-04-26 11:38:30)
SIM	1687889067	giri-ThinkPad-P15-Gen-2i	unknown	/home/giri/Desktop/Project_Folder/FF_Project/Data/TestRun/BackAndForth	0	61.267	485.333


SYSTEM_START	-	giri-ThinkPad-P15-Gen-2i	giri-ThinkPad-P15-Gen-2i	2023-06-27 14:04:40


SYSTEM_INFO	Car_Generic <insert.your.version.no> #5	giri@giri-thinkpad-p15-gen-2i 2023-06-27 13:47:37	(10.2.2 fh@hpc.ipg 2022-04-26 11:38:30)
SIM	1687889080	giri-ThinkPad-P15-Gen-2i	unknown	/home/giri/Desktop/Project_Folder/FF_Project/Data/TestRun/ACC_Approach	0	50.213	1535.93


SYSTEM_START	-	giri-ThinkPad-P15-Gen-2i	giri-ThinkPad-P15-Gen-2i	2023-06-27 14:04:42


SYSTEM_INFO	Car_Generic <insert.your.version.no> #5	giri@giri-thinkpad-p15-gen-2i 2023-06-27 13:47:37	(10.2.2 fh@hpc.ipg 2022-04-26 11:38:30)
SIM	1687889082	giri-ThinkPad-P15-Gen-2i	unknown	/home/giri/Desktop/Project_Folder/FF_Project/Data/TestRun/BackAndForth	0	61.267	485.333


SYSTEM_START	-	giri-ThinkPad-P15-Gen-2i	giri-ThinkPad-P15-Gen-2i	2023-06-27 14:04:50


SYSTEM_INFO	Car_Generic <insert.your.version.no> #5	giri@giri-thinkpad-p15-gen-2i 2023-06-27 13:47:37	(10.2.2 fh@hpc.ipg 2022-04-26 11:38:30)
SIM	1687889090	giri-ThinkPad-P15-Gen-2i	unknown	/home/giri/Desktop/Project_Folder/FF_Project/Data/TestRun/ACC_Approach	0	50.213	1535.93


SYSTEM_START	-	giri-ThinkPad-P15-Gen-2i	giri-ThinkPad-P15-Gen-2i	2023-06-27 14:04:52


SYSTEM_INFO	Car_Generic <insert.your.version.no> #5	giri@giri-thinkpad-p15-gen-2i 2023-06-27 13:47:37	(10.2.2 fh@hpc.ipg 2022-04-26 11:38:30)
SIM	1687889092	giri-ThinkPad-P15-Gen-2i	unknown	/home/giri/Desktop/Project_Folder/FF_Project/Data/TestRun/BackAndForth	0	61.267	485.333
